2024-11-25T19:41:47,122 [WARN ] main org.pytorch.serve.util.ConfigManager - Your torchserve instance can access any URL to load models. When deploying to production, make sure to limit the set of allowed_urls in config.properties
2024-11-25T19:41:47,122 [WARN ] main org.pytorch.serve.util.ConfigManager - Your torchserve instance can access any URL to load models. When deploying to production, make sure to limit the set of allowed_urls in config.properties
2024-11-25T19:41:47,143 [INFO ] main org.pytorch.serve.servingsdk.impl.PluginsManager - Initializing plugins manager...
2024-11-25T19:41:47,143 [INFO ] main org.pytorch.serve.servingsdk.impl.PluginsManager - Initializing plugins manager...
2024-11-25T19:41:47,172 [INFO ] main org.pytorch.serve.metrics.configuration.MetricConfiguration - Successfully loaded metrics configuration from /Users/harshithalle/miniconda3/envs/cs224n/lib/python3.12/site-packages/ts/configs/metrics.yaml
2024-11-25T19:41:47,172 [INFO ] main org.pytorch.serve.metrics.configuration.MetricConfiguration - Successfully loaded metrics configuration from /Users/harshithalle/miniconda3/envs/cs224n/lib/python3.12/site-packages/ts/configs/metrics.yaml
2024-11-25T19:41:47,205 [INFO ] main org.pytorch.serve.ModelServer - 
Torchserve version: 0.12.0
TS Home: /Users/harshithalle/miniconda3/envs/cs224n/lib/python3.12/site-packages
Current directory: /Users/harshithalle/car_price_prediction
Temp directory: /var/folders/dl/9h5ckf99333bjr1dm0m0ngsw0000gn/T/
Metrics config path: /Users/harshithalle/miniconda3/envs/cs224n/lib/python3.12/site-packages/ts/configs/metrics.yaml
Number of GPUs: 0
Number of CPUs: 8
Max heap size: 2048 M
Python executable: /Users/harshithalle/miniconda3/envs/cs224n/bin/python
Config file: config.properties
Inference address: http://127.0.0.1:8083
Management address: http://127.0.0.1:8084
Metrics address: http://127.0.0.1:8082
Model Store: /Users/harshithalle/car_price_prediction/model_store
Initial Models: car_price_prediction=car_price_prediction.mar
Log dir: /Users/harshithalle/car_price_prediction/logs
Metrics dir: /Users/harshithalle/car_price_prediction/logs
Netty threads: 0
Netty client threads: 0
Default workers per model: 8
Blacklist Regex: N/A
Maximum Response Size: 6553500
Maximum Request Size: 6553500
Limit Maximum Image Pixels: true
Prefer direct buffer: false
Allowed Urls: [file://.*|http(s)?://.*]
Custom python dependency for model allowed: false
Enable metrics API: true
Metrics mode: LOG
Disable system metrics: false
Workflow Store: /Users/harshithalle/car_price_prediction/model_store
CPP log config: N/A
Model config: N/A
System metrics command: default
Model API enabled: false
2024-11-25T19:41:47,205 [INFO ] main org.pytorch.serve.ModelServer - 
Torchserve version: 0.12.0
TS Home: /Users/harshithalle/miniconda3/envs/cs224n/lib/python3.12/site-packages
Current directory: /Users/harshithalle/car_price_prediction
Temp directory: /var/folders/dl/9h5ckf99333bjr1dm0m0ngsw0000gn/T/
Metrics config path: /Users/harshithalle/miniconda3/envs/cs224n/lib/python3.12/site-packages/ts/configs/metrics.yaml
Number of GPUs: 0
Number of CPUs: 8
Max heap size: 2048 M
Python executable: /Users/harshithalle/miniconda3/envs/cs224n/bin/python
Config file: config.properties
Inference address: http://127.0.0.1:8083
Management address: http://127.0.0.1:8084
Metrics address: http://127.0.0.1:8082
Model Store: /Users/harshithalle/car_price_prediction/model_store
Initial Models: car_price_prediction=car_price_prediction.mar
Log dir: /Users/harshithalle/car_price_prediction/logs
Metrics dir: /Users/harshithalle/car_price_prediction/logs
Netty threads: 0
Netty client threads: 0
Default workers per model: 8
Blacklist Regex: N/A
Maximum Response Size: 6553500
Maximum Request Size: 6553500
Limit Maximum Image Pixels: true
Prefer direct buffer: false
Allowed Urls: [file://.*|http(s)?://.*]
Custom python dependency for model allowed: false
Enable metrics API: true
Metrics mode: LOG
Disable system metrics: false
Workflow Store: /Users/harshithalle/car_price_prediction/model_store
CPP log config: N/A
Model config: N/A
System metrics command: default
Model API enabled: false
2024-11-25T19:41:47,211 [INFO ] main org.pytorch.serve.servingsdk.impl.PluginsManager -  Loading snapshot serializer plugin...
2024-11-25T19:41:47,211 [INFO ] main org.pytorch.serve.servingsdk.impl.PluginsManager -  Loading snapshot serializer plugin...
2024-11-25T19:41:47,220 [INFO ] main org.pytorch.serve.ModelServer - Loading initial models: car_price_prediction.mar
2024-11-25T19:41:47,220 [INFO ] main org.pytorch.serve.ModelServer - Loading initial models: car_price_prediction.mar
2024-11-25T19:41:47,247 [DEBUG] main org.pytorch.serve.wlm.ModelVersionedRefs - Adding new version 1.0 for model car_price_prediction
2024-11-25T19:41:47,247 [DEBUG] main org.pytorch.serve.wlm.ModelVersionedRefs - Adding new version 1.0 for model car_price_prediction
2024-11-25T19:41:47,248 [DEBUG] main org.pytorch.serve.wlm.ModelVersionedRefs - Setting default version to 1.0 for model car_price_prediction
2024-11-25T19:41:47,248 [DEBUG] main org.pytorch.serve.wlm.ModelVersionedRefs - Setting default version to 1.0 for model car_price_prediction
2024-11-25T19:41:47,248 [INFO ] main org.pytorch.serve.wlm.ModelManager - Model car_price_prediction loaded.
2024-11-25T19:41:47,248 [INFO ] main org.pytorch.serve.wlm.ModelManager - Model car_price_prediction loaded.
2024-11-25T19:41:47,248 [DEBUG] main org.pytorch.serve.wlm.ModelManager - updateModel: car_price_prediction, count: 8
2024-11-25T19:41:47,248 [DEBUG] main org.pytorch.serve.wlm.ModelManager - updateModel: car_price_prediction, count: 8
2024-11-25T19:41:47,252 [DEBUG] W-9003-car_price_prediction_1.0 org.pytorch.serve.wlm.WorkerLifeCycle - Worker cmdline: [/Users/harshithalle/miniconda3/envs/cs224n/bin/python, /Users/harshithalle/miniconda3/envs/cs224n/lib/python3.12/site-packages/ts/model_service_worker.py, --sock-type, tcp, --port, 9003, --metrics-config, /Users/harshithalle/miniconda3/envs/cs224n/lib/python3.12/site-packages/ts/configs/metrics.yaml]
2024-11-25T19:41:47,252 [DEBUG] W-9003-car_price_prediction_1.0 org.pytorch.serve.wlm.WorkerLifeCycle - Worker cmdline: [/Users/harshithalle/miniconda3/envs/cs224n/bin/python, /Users/harshithalle/miniconda3/envs/cs224n/lib/python3.12/site-packages/ts/model_service_worker.py, --sock-type, tcp, --port, 9003, --metrics-config, /Users/harshithalle/miniconda3/envs/cs224n/lib/python3.12/site-packages/ts/configs/metrics.yaml]
2024-11-25T19:41:47,252 [DEBUG] W-9004-car_price_prediction_1.0 org.pytorch.serve.wlm.WorkerLifeCycle - Worker cmdline: [/Users/harshithalle/miniconda3/envs/cs224n/bin/python, /Users/harshithalle/miniconda3/envs/cs224n/lib/python3.12/site-packages/ts/model_service_worker.py, --sock-type, tcp, --port, 9004, --metrics-config, /Users/harshithalle/miniconda3/envs/cs224n/lib/python3.12/site-packages/ts/configs/metrics.yaml]
2024-11-25T19:41:47,252 [DEBUG] W-9000-car_price_prediction_1.0 org.pytorch.serve.wlm.WorkerLifeCycle - Worker cmdline: [/Users/harshithalle/miniconda3/envs/cs224n/bin/python, /Users/harshithalle/miniconda3/envs/cs224n/lib/python3.12/site-packages/ts/model_service_worker.py, --sock-type, tcp, --port, 9000, --metrics-config, /Users/harshithalle/miniconda3/envs/cs224n/lib/python3.12/site-packages/ts/configs/metrics.yaml]
2024-11-25T19:41:47,252 [DEBUG] W-9001-car_price_prediction_1.0 org.pytorch.serve.wlm.WorkerLifeCycle - Worker cmdline: [/Users/harshithalle/miniconda3/envs/cs224n/bin/python, /Users/harshithalle/miniconda3/envs/cs224n/lib/python3.12/site-packages/ts/model_service_worker.py, --sock-type, tcp, --port, 9001, --metrics-config, /Users/harshithalle/miniconda3/envs/cs224n/lib/python3.12/site-packages/ts/configs/metrics.yaml]
2024-11-25T19:41:47,252 [DEBUG] W-9000-car_price_prediction_1.0 org.pytorch.serve.wlm.WorkerLifeCycle - Worker cmdline: [/Users/harshithalle/miniconda3/envs/cs224n/bin/python, /Users/harshithalle/miniconda3/envs/cs224n/lib/python3.12/site-packages/ts/model_service_worker.py, --sock-type, tcp, --port, 9000, --metrics-config, /Users/harshithalle/miniconda3/envs/cs224n/lib/python3.12/site-packages/ts/configs/metrics.yaml]
2024-11-25T19:41:47,252 [DEBUG] W-9004-car_price_prediction_1.0 org.pytorch.serve.wlm.WorkerLifeCycle - Worker cmdline: [/Users/harshithalle/miniconda3/envs/cs224n/bin/python, /Users/harshithalle/miniconda3/envs/cs224n/lib/python3.12/site-packages/ts/model_service_worker.py, --sock-type, tcp, --port, 9004, --metrics-config, /Users/harshithalle/miniconda3/envs/cs224n/lib/python3.12/site-packages/ts/configs/metrics.yaml]
2024-11-25T19:41:47,252 [DEBUG] W-9002-car_price_prediction_1.0 org.pytorch.serve.wlm.WorkerLifeCycle - Worker cmdline: [/Users/harshithalle/miniconda3/envs/cs224n/bin/python, /Users/harshithalle/miniconda3/envs/cs224n/lib/python3.12/site-packages/ts/model_service_worker.py, --sock-type, tcp, --port, 9002, --metrics-config, /Users/harshithalle/miniconda3/envs/cs224n/lib/python3.12/site-packages/ts/configs/metrics.yaml]
2024-11-25T19:41:47,252 [DEBUG] W-9005-car_price_prediction_1.0 org.pytorch.serve.wlm.WorkerLifeCycle - Worker cmdline: [/Users/harshithalle/miniconda3/envs/cs224n/bin/python, /Users/harshithalle/miniconda3/envs/cs224n/lib/python3.12/site-packages/ts/model_service_worker.py, --sock-type, tcp, --port, 9005, --metrics-config, /Users/harshithalle/miniconda3/envs/cs224n/lib/python3.12/site-packages/ts/configs/metrics.yaml]
2024-11-25T19:41:47,252 [DEBUG] W-9001-car_price_prediction_1.0 org.pytorch.serve.wlm.WorkerLifeCycle - Worker cmdline: [/Users/harshithalle/miniconda3/envs/cs224n/bin/python, /Users/harshithalle/miniconda3/envs/cs224n/lib/python3.12/site-packages/ts/model_service_worker.py, --sock-type, tcp, --port, 9001, --metrics-config, /Users/harshithalle/miniconda3/envs/cs224n/lib/python3.12/site-packages/ts/configs/metrics.yaml]
2024-11-25T19:41:47,252 [DEBUG] W-9005-car_price_prediction_1.0 org.pytorch.serve.wlm.WorkerLifeCycle - Worker cmdline: [/Users/harshithalle/miniconda3/envs/cs224n/bin/python, /Users/harshithalle/miniconda3/envs/cs224n/lib/python3.12/site-packages/ts/model_service_worker.py, --sock-type, tcp, --port, 9005, --metrics-config, /Users/harshithalle/miniconda3/envs/cs224n/lib/python3.12/site-packages/ts/configs/metrics.yaml]
2024-11-25T19:41:47,253 [DEBUG] W-9006-car_price_prediction_1.0 org.pytorch.serve.wlm.WorkerLifeCycle - Worker cmdline: [/Users/harshithalle/miniconda3/envs/cs224n/bin/python, /Users/harshithalle/miniconda3/envs/cs224n/lib/python3.12/site-packages/ts/model_service_worker.py, --sock-type, tcp, --port, 9006, --metrics-config, /Users/harshithalle/miniconda3/envs/cs224n/lib/python3.12/site-packages/ts/configs/metrics.yaml]
2024-11-25T19:41:47,253 [DEBUG] W-9006-car_price_prediction_1.0 org.pytorch.serve.wlm.WorkerLifeCycle - Worker cmdline: [/Users/harshithalle/miniconda3/envs/cs224n/bin/python, /Users/harshithalle/miniconda3/envs/cs224n/lib/python3.12/site-packages/ts/model_service_worker.py, --sock-type, tcp, --port, 9006, --metrics-config, /Users/harshithalle/miniconda3/envs/cs224n/lib/python3.12/site-packages/ts/configs/metrics.yaml]
2024-11-25T19:41:47,252 [DEBUG] W-9002-car_price_prediction_1.0 org.pytorch.serve.wlm.WorkerLifeCycle - Worker cmdline: [/Users/harshithalle/miniconda3/envs/cs224n/bin/python, /Users/harshithalle/miniconda3/envs/cs224n/lib/python3.12/site-packages/ts/model_service_worker.py, --sock-type, tcp, --port, 9002, --metrics-config, /Users/harshithalle/miniconda3/envs/cs224n/lib/python3.12/site-packages/ts/configs/metrics.yaml]
2024-11-25T19:41:47,253 [DEBUG] W-9007-car_price_prediction_1.0 org.pytorch.serve.wlm.WorkerLifeCycle - Worker cmdline: [/Users/harshithalle/miniconda3/envs/cs224n/bin/python, /Users/harshithalle/miniconda3/envs/cs224n/lib/python3.12/site-packages/ts/model_service_worker.py, --sock-type, tcp, --port, 9007, --metrics-config, /Users/harshithalle/miniconda3/envs/cs224n/lib/python3.12/site-packages/ts/configs/metrics.yaml]
2024-11-25T19:41:47,253 [DEBUG] W-9007-car_price_prediction_1.0 org.pytorch.serve.wlm.WorkerLifeCycle - Worker cmdline: [/Users/harshithalle/miniconda3/envs/cs224n/bin/python, /Users/harshithalle/miniconda3/envs/cs224n/lib/python3.12/site-packages/ts/model_service_worker.py, --sock-type, tcp, --port, 9007, --metrics-config, /Users/harshithalle/miniconda3/envs/cs224n/lib/python3.12/site-packages/ts/configs/metrics.yaml]
2024-11-25T19:41:47,255 [INFO ] main org.pytorch.serve.ModelServer - Initialize Inference server with: NioServerSocketChannel.
2024-11-25T19:41:47,255 [INFO ] main org.pytorch.serve.ModelServer - Initialize Inference server with: NioServerSocketChannel.
2024-11-25T19:41:47,338 [INFO ] main org.pytorch.serve.ModelServer - Inference API bind to: http://127.0.0.1:8083
2024-11-25T19:41:47,338 [INFO ] main org.pytorch.serve.ModelServer - Inference API bind to: http://127.0.0.1:8083
2024-11-25T19:41:47,338 [INFO ] main org.pytorch.serve.ModelServer - Initialize Management server with: NioServerSocketChannel.
2024-11-25T19:41:47,338 [INFO ] main org.pytorch.serve.ModelServer - Initialize Management server with: NioServerSocketChannel.
2024-11-25T19:41:47,340 [INFO ] main org.pytorch.serve.ModelServer - Management API bind to: http://127.0.0.1:8084
2024-11-25T19:41:47,340 [INFO ] main org.pytorch.serve.ModelServer - Management API bind to: http://127.0.0.1:8084
2024-11-25T19:41:47,340 [INFO ] main org.pytorch.serve.ModelServer - Initialize Metrics server with: NioServerSocketChannel.
2024-11-25T19:41:47,340 [INFO ] main org.pytorch.serve.ModelServer - Initialize Metrics server with: NioServerSocketChannel.
2024-11-25T19:41:47,341 [INFO ] main org.pytorch.serve.ModelServer - Metrics API bind to: http://127.0.0.1:8082
2024-11-25T19:41:47,341 [INFO ] main org.pytorch.serve.ModelServer - Metrics API bind to: http://127.0.0.1:8082
2024-11-25T19:41:47,491 [WARN ] pool-3-thread-1 org.pytorch.serve.metrics.MetricCollector - worker pid is not available yet.
2024-11-25T19:41:47,491 [WARN ] pool-3-thread-1 org.pytorch.serve.metrics.MetricCollector - worker pid is not available yet.
2024-11-25T19:41:47,534 [INFO ] pool-3-thread-1 TS_METRICS - CPUUtilization.Percent:0.0|#Level:Host|#hostname:Harshiths-MacBook-Air.local,timestamp:1732543907
2024-11-25T19:41:47,535 [INFO ] pool-3-thread-1 TS_METRICS - DiskAvailable.Gigabytes:18.57410430908203|#Level:Host|#hostname:Harshiths-MacBook-Air.local,timestamp:1732543907
2024-11-25T19:41:47,535 [INFO ] pool-3-thread-1 TS_METRICS - DiskUsage.Gigabytes:209.69976043701172|#Level:Host|#hostname:Harshiths-MacBook-Air.local,timestamp:1732543907
2024-11-25T19:41:47,535 [INFO ] pool-3-thread-1 TS_METRICS - DiskUtilization.Percent:91.9|#Level:Host|#hostname:Harshiths-MacBook-Air.local,timestamp:1732543907
2024-11-25T19:41:47,535 [INFO ] pool-3-thread-1 TS_METRICS - MemoryAvailable.Megabytes:2669.53125|#Level:Host|#hostname:Harshiths-MacBook-Air.local,timestamp:1732543907
2024-11-25T19:41:47,535 [INFO ] pool-3-thread-1 TS_METRICS - MemoryUsed.Megabytes:3979.40625|#Level:Host|#hostname:Harshiths-MacBook-Air.local,timestamp:1732543907
2024-11-25T19:41:47,536 [INFO ] pool-3-thread-1 TS_METRICS - MemoryUtilization.Percent:67.4|#Level:Host|#hostname:Harshiths-MacBook-Air.local,timestamp:1732543907
2024-11-25T19:41:51,091 [INFO ] W-9004-car_price_prediction_1.0-stdout MODEL_LOG - Listening on addr:port: 127.0.0.1:9004
2024-11-25T19:41:51,097 [INFO ] W-9004-car_price_prediction_1.0-stdout MODEL_LOG - Successfully loaded /Users/harshithalle/miniconda3/envs/cs224n/lib/python3.12/site-packages/ts/configs/metrics.yaml.
2024-11-25T19:41:51,097 [INFO ] W-9004-car_price_prediction_1.0-stdout MODEL_LOG - [PID]89712
2024-11-25T19:41:51,098 [INFO ] W-9004-car_price_prediction_1.0-stdout MODEL_LOG - Torch worker started.
2024-11-25T19:41:51,098 [INFO ] W-9004-car_price_prediction_1.0-stdout MODEL_LOG - Python runtime: 3.12.5
2024-11-25T19:41:51,098 [DEBUG] W-9004-car_price_prediction_1.0 org.pytorch.serve.wlm.WorkerThread - W-9004-car_price_prediction_1.0 State change null -> WORKER_STARTED
2024-11-25T19:41:51,098 [DEBUG] W-9004-car_price_prediction_1.0 org.pytorch.serve.wlm.WorkerThread - W-9004-car_price_prediction_1.0 State change null -> WORKER_STARTED
2024-11-25T19:41:51,101 [INFO ] W-9004-car_price_prediction_1.0 org.pytorch.serve.wlm.WorkerThread - Connecting to: /127.0.0.1:9004
2024-11-25T19:41:51,101 [INFO ] W-9004-car_price_prediction_1.0 org.pytorch.serve.wlm.WorkerThread - Connecting to: /127.0.0.1:9004
2024-11-25T19:41:51,121 [INFO ] W-9004-car_price_prediction_1.0-stdout MODEL_LOG - Connection accepted: ('127.0.0.1', 9004).
2024-11-25T19:41:51,124 [DEBUG] W-9004-car_price_prediction_1.0 org.pytorch.serve.wlm.WorkerThread - Flushing req.cmd LOAD repeats 1 to backend at: 1732543911124
2024-11-25T19:41:51,124 [DEBUG] W-9004-car_price_prediction_1.0 org.pytorch.serve.wlm.WorkerThread - Flushing req.cmd LOAD repeats 1 to backend at: 1732543911124
2024-11-25T19:41:51,121 [INFO ] W-9007-car_price_prediction_1.0-stdout MODEL_LOG - Listening on addr:port: 127.0.0.1:9007
2024-11-25T19:41:51,126 [INFO ] W-9004-car_price_prediction_1.0 org.pytorch.serve.wlm.WorkerThread - Looping backend response at: 1732543911126
2024-11-25T19:41:51,126 [INFO ] W-9004-car_price_prediction_1.0 org.pytorch.serve.wlm.WorkerThread - Looping backend response at: 1732543911126
2024-11-25T19:41:51,126 [INFO ] W-9007-car_price_prediction_1.0-stdout MODEL_LOG - Successfully loaded /Users/harshithalle/miniconda3/envs/cs224n/lib/python3.12/site-packages/ts/configs/metrics.yaml.
2024-11-25T19:41:51,127 [INFO ] W-9007-car_price_prediction_1.0-stdout MODEL_LOG - [PID]89714
2024-11-25T19:41:51,127 [INFO ] W-9007-car_price_prediction_1.0-stdout MODEL_LOG - Torch worker started.
2024-11-25T19:41:51,127 [INFO ] W-9007-car_price_prediction_1.0-stdout MODEL_LOG - Python runtime: 3.12.5
2024-11-25T19:41:51,129 [DEBUG] W-9007-car_price_prediction_1.0 org.pytorch.serve.wlm.WorkerThread - W-9007-car_price_prediction_1.0 State change null -> WORKER_STARTED
2024-11-25T19:41:51,129 [DEBUG] W-9007-car_price_prediction_1.0 org.pytorch.serve.wlm.WorkerThread - W-9007-car_price_prediction_1.0 State change null -> WORKER_STARTED
2024-11-25T19:41:51,130 [INFO ] W-9007-car_price_prediction_1.0 org.pytorch.serve.wlm.WorkerThread - Connecting to: /127.0.0.1:9007
2024-11-25T19:41:51,130 [INFO ] W-9007-car_price_prediction_1.0 org.pytorch.serve.wlm.WorkerThread - Connecting to: /127.0.0.1:9007
2024-11-25T19:41:51,136 [INFO ] W-9002-car_price_prediction_1.0-stdout MODEL_LOG - Listening on addr:port: 127.0.0.1:9002
2024-11-25T19:41:51,139 [INFO ] W-9007-car_price_prediction_1.0-stdout MODEL_LOG - Connection accepted: ('127.0.0.1', 9007).
2024-11-25T19:41:51,139 [DEBUG] W-9007-car_price_prediction_1.0 org.pytorch.serve.wlm.WorkerThread - Flushing req.cmd LOAD repeats 1 to backend at: 1732543911139
2024-11-25T19:41:51,139 [DEBUG] W-9007-car_price_prediction_1.0 org.pytorch.serve.wlm.WorkerThread - Flushing req.cmd LOAD repeats 1 to backend at: 1732543911139
2024-11-25T19:41:51,141 [INFO ] W-9007-car_price_prediction_1.0 org.pytorch.serve.wlm.WorkerThread - Looping backend response at: 1732543911141
2024-11-25T19:41:51,141 [INFO ] W-9007-car_price_prediction_1.0 org.pytorch.serve.wlm.WorkerThread - Looping backend response at: 1732543911141
2024-11-25T19:41:51,141 [INFO ] W-9002-car_price_prediction_1.0-stdout MODEL_LOG - Successfully loaded /Users/harshithalle/miniconda3/envs/cs224n/lib/python3.12/site-packages/ts/configs/metrics.yaml.
2024-11-25T19:41:51,141 [INFO ] W-9002-car_price_prediction_1.0-stdout MODEL_LOG - [PID]89713
2024-11-25T19:41:51,142 [INFO ] W-9002-car_price_prediction_1.0-stdout MODEL_LOG - Torch worker started.
2024-11-25T19:41:51,142 [INFO ] W-9002-car_price_prediction_1.0-stdout MODEL_LOG - Python runtime: 3.12.5
2024-11-25T19:41:51,142 [DEBUG] W-9002-car_price_prediction_1.0 org.pytorch.serve.wlm.WorkerThread - W-9002-car_price_prediction_1.0 State change null -> WORKER_STARTED
2024-11-25T19:41:51,142 [DEBUG] W-9002-car_price_prediction_1.0 org.pytorch.serve.wlm.WorkerThread - W-9002-car_price_prediction_1.0 State change null -> WORKER_STARTED
2024-11-25T19:41:51,142 [INFO ] W-9002-car_price_prediction_1.0 org.pytorch.serve.wlm.WorkerThread - Connecting to: /127.0.0.1:9002
2024-11-25T19:41:51,142 [INFO ] W-9002-car_price_prediction_1.0 org.pytorch.serve.wlm.WorkerThread - Connecting to: /127.0.0.1:9002
2024-11-25T19:41:51,146 [INFO ] W-9002-car_price_prediction_1.0-stdout MODEL_LOG - Connection accepted: ('127.0.0.1', 9002).
2024-11-25T19:41:51,147 [DEBUG] W-9002-car_price_prediction_1.0 org.pytorch.serve.wlm.WorkerThread - Flushing req.cmd LOAD repeats 1 to backend at: 1732543911147
2024-11-25T19:41:51,147 [DEBUG] W-9002-car_price_prediction_1.0 org.pytorch.serve.wlm.WorkerThread - Flushing req.cmd LOAD repeats 1 to backend at: 1732543911147
2024-11-25T19:41:51,147 [INFO ] W-9005-car_price_prediction_1.0-stdout MODEL_LOG - Listening on addr:port: 127.0.0.1:9005
2024-11-25T19:41:51,149 [INFO ] W-9004-car_price_prediction_1.0-stdout MODEL_LOG - model_name: car_price_prediction, batchSize: 1
2024-11-25T19:41:51,151 [INFO ] W-9002-car_price_prediction_1.0 org.pytorch.serve.wlm.WorkerThread - Looping backend response at: 1732543911151
2024-11-25T19:41:51,151 [INFO ] W-9002-car_price_prediction_1.0 org.pytorch.serve.wlm.WorkerThread - Looping backend response at: 1732543911151
2024-11-25T19:41:51,151 [INFO ] W-9007-car_price_prediction_1.0-stdout MODEL_LOG - model_name: car_price_prediction, batchSize: 1
2024-11-25T19:41:51,151 [INFO ] W-9006-car_price_prediction_1.0-stdout MODEL_LOG - Listening on addr:port: 127.0.0.1:9006
2024-11-25T19:41:51,155 [INFO ] W-9005-car_price_prediction_1.0-stdout MODEL_LOG - Successfully loaded /Users/harshithalle/miniconda3/envs/cs224n/lib/python3.12/site-packages/ts/configs/metrics.yaml.
2024-11-25T19:41:51,156 [INFO ] W-9005-car_price_prediction_1.0-stdout MODEL_LOG - [PID]89709
2024-11-25T19:41:51,156 [INFO ] W-9005-car_price_prediction_1.0-stdout MODEL_LOG - Torch worker started.
2024-11-25T19:41:51,156 [INFO ] W-9005-car_price_prediction_1.0-stdout MODEL_LOG - Python runtime: 3.12.5
2024-11-25T19:41:51,157 [INFO ] W-9004-car_price_prediction_1.0-stdout MODEL_LOG - OpenVINO is not enabled
2024-11-25T19:41:51,157 [INFO ] W-9004-car_price_prediction_1.0-stdout MODEL_LOG - proceeding without onnxruntime
2024-11-25T19:41:51,157 [INFO ] W-9004-car_price_prediction_1.0-stdout MODEL_LOG - Torch TensorRT not enabled
2024-11-25T19:41:51,155 [INFO ] W-9007-car_price_prediction_1.0-stdout MODEL_LOG - OpenVINO is not enabled
2024-11-25T19:41:51,157 [INFO ] W-9001-car_price_prediction_1.0-stdout MODEL_LOG - Listening on addr:port: 127.0.0.1:9001
2024-11-25T19:41:51,158 [DEBUG] W-9005-car_price_prediction_1.0 org.pytorch.serve.wlm.WorkerThread - W-9005-car_price_prediction_1.0 State change null -> WORKER_STARTED
2024-11-25T19:41:51,158 [DEBUG] W-9005-car_price_prediction_1.0 org.pytorch.serve.wlm.WorkerThread - W-9005-car_price_prediction_1.0 State change null -> WORKER_STARTED
2024-11-25T19:41:51,158 [INFO ] W-9005-car_price_prediction_1.0 org.pytorch.serve.wlm.WorkerThread - Connecting to: /127.0.0.1:9005
2024-11-25T19:41:51,158 [INFO ] W-9005-car_price_prediction_1.0 org.pytorch.serve.wlm.WorkerThread - Connecting to: /127.0.0.1:9005
2024-11-25T19:41:51,157 [INFO ] W-9006-car_price_prediction_1.0-stdout MODEL_LOG - Successfully loaded /Users/harshithalle/miniconda3/envs/cs224n/lib/python3.12/site-packages/ts/configs/metrics.yaml.
2024-11-25T19:41:51,157 [INFO ] W-9007-car_price_prediction_1.0-stdout MODEL_LOG - proceeding without onnxruntime
2024-11-25T19:41:51,158 [INFO ] W-9007-car_price_prediction_1.0-stdout MODEL_LOG - Torch TensorRT not enabled
2024-11-25T19:41:51,158 [INFO ] W-9000-car_price_prediction_1.0-stdout MODEL_LOG - Listening on addr:port: 127.0.0.1:9000
2024-11-25T19:41:51,158 [INFO ] W-9006-car_price_prediction_1.0-stdout MODEL_LOG - [PID]89711
2024-11-25T19:41:51,159 [INFO ] W-9002-car_price_prediction_1.0-stdout MODEL_LOG - model_name: car_price_prediction, batchSize: 1
2024-11-25T19:41:51,160 [DEBUG] W-9006-car_price_prediction_1.0 org.pytorch.serve.wlm.WorkerThread - W-9006-car_price_prediction_1.0 State change null -> WORKER_STARTED
2024-11-25T19:41:51,160 [DEBUG] W-9006-car_price_prediction_1.0 org.pytorch.serve.wlm.WorkerThread - W-9006-car_price_prediction_1.0 State change null -> WORKER_STARTED
2024-11-25T19:41:51,160 [INFO ] W-9006-car_price_prediction_1.0 org.pytorch.serve.wlm.WorkerThread - Connecting to: /127.0.0.1:9006
2024-11-25T19:41:51,160 [INFO ] W-9006-car_price_prediction_1.0 org.pytorch.serve.wlm.WorkerThread - Connecting to: /127.0.0.1:9006
2024-11-25T19:41:51,159 [INFO ] W-9006-car_price_prediction_1.0-stdout MODEL_LOG - Torch worker started.
2024-11-25T19:41:51,160 [INFO ] W-9006-car_price_prediction_1.0-stdout MODEL_LOG - Python runtime: 3.12.5
2024-11-25T19:41:51,161 [INFO ] W-9002-car_price_prediction_1.0-stdout MODEL_LOG - OpenVINO is not enabled
2024-11-25T19:41:51,162 [INFO ] W-9002-car_price_prediction_1.0-stdout MODEL_LOG - proceeding without onnxruntime
2024-11-25T19:41:51,162 [INFO ] W-9002-car_price_prediction_1.0-stdout MODEL_LOG - Torch TensorRT not enabled
2024-11-25T19:41:51,162 [INFO ] W-9001-car_price_prediction_1.0-stdout MODEL_LOG - Successfully loaded /Users/harshithalle/miniconda3/envs/cs224n/lib/python3.12/site-packages/ts/configs/metrics.yaml.
2024-11-25T19:41:51,162 [INFO ] W-9001-car_price_prediction_1.0-stdout MODEL_LOG - [PID]89708
2024-11-25T19:41:51,162 [INFO ] W-9001-car_price_prediction_1.0-stdout MODEL_LOG - Torch worker started.
2024-11-25T19:41:51,162 [INFO ] W-9001-car_price_prediction_1.0-stdout MODEL_LOG - Python runtime: 3.12.5
2024-11-25T19:41:51,163 [INFO ] W-9005-car_price_prediction_1.0-stdout MODEL_LOG - Connection accepted: ('127.0.0.1', 9005).
2024-11-25T19:41:51,163 [DEBUG] W-9001-car_price_prediction_1.0 org.pytorch.serve.wlm.WorkerThread - W-9001-car_price_prediction_1.0 State change null -> WORKER_STARTED
2024-11-25T19:41:51,163 [DEBUG] W-9001-car_price_prediction_1.0 org.pytorch.serve.wlm.WorkerThread - W-9001-car_price_prediction_1.0 State change null -> WORKER_STARTED
2024-11-25T19:41:51,163 [INFO ] W-9006-car_price_prediction_1.0-stdout MODEL_LOG - Connection accepted: ('127.0.0.1', 9006).
2024-11-25T19:41:51,163 [INFO ] W-9001-car_price_prediction_1.0 org.pytorch.serve.wlm.WorkerThread - Connecting to: /127.0.0.1:9001
2024-11-25T19:41:51,163 [INFO ] W-9001-car_price_prediction_1.0 org.pytorch.serve.wlm.WorkerThread - Connecting to: /127.0.0.1:9001
2024-11-25T19:41:51,164 [DEBUG] W-9006-car_price_prediction_1.0 org.pytorch.serve.wlm.WorkerThread - Flushing req.cmd LOAD repeats 1 to backend at: 1732543911164
2024-11-25T19:41:51,164 [DEBUG] W-9006-car_price_prediction_1.0 org.pytorch.serve.wlm.WorkerThread - Flushing req.cmd LOAD repeats 1 to backend at: 1732543911164
2024-11-25T19:41:51,164 [INFO ] W-9006-car_price_prediction_1.0 org.pytorch.serve.wlm.WorkerThread - Looping backend response at: 1732543911164
2024-11-25T19:41:51,164 [INFO ] W-9006-car_price_prediction_1.0 org.pytorch.serve.wlm.WorkerThread - Looping backend response at: 1732543911164
2024-11-25T19:41:51,164 [DEBUG] W-9005-car_price_prediction_1.0 org.pytorch.serve.wlm.WorkerThread - Flushing req.cmd LOAD repeats 1 to backend at: 1732543911164
2024-11-25T19:41:51,164 [DEBUG] W-9005-car_price_prediction_1.0 org.pytorch.serve.wlm.WorkerThread - Flushing req.cmd LOAD repeats 1 to backend at: 1732543911164
2024-11-25T19:41:51,165 [INFO ] W-9005-car_price_prediction_1.0 org.pytorch.serve.wlm.WorkerThread - Looping backend response at: 1732543911165
2024-11-25T19:41:51,165 [INFO ] W-9005-car_price_prediction_1.0 org.pytorch.serve.wlm.WorkerThread - Looping backend response at: 1732543911165
2024-11-25T19:41:51,166 [INFO ] W-9000-car_price_prediction_1.0-stdout MODEL_LOG - Successfully loaded /Users/harshithalle/miniconda3/envs/cs224n/lib/python3.12/site-packages/ts/configs/metrics.yaml.
2024-11-25T19:41:51,166 [INFO ] W-9000-car_price_prediction_1.0-stdout MODEL_LOG - [PID]89710
2024-11-25T19:41:51,166 [INFO ] W-9000-car_price_prediction_1.0-stdout MODEL_LOG - Torch worker started.
2024-11-25T19:41:51,166 [INFO ] W-9000-car_price_prediction_1.0-stdout MODEL_LOG - Python runtime: 3.12.5
2024-11-25T19:41:51,167 [DEBUG] W-9000-car_price_prediction_1.0 org.pytorch.serve.wlm.WorkerThread - W-9000-car_price_prediction_1.0 State change null -> WORKER_STARTED
2024-11-25T19:41:51,167 [INFO ] W-9001-car_price_prediction_1.0-stdout MODEL_LOG - Connection accepted: ('127.0.0.1', 9001).
2024-11-25T19:41:51,167 [DEBUG] W-9000-car_price_prediction_1.0 org.pytorch.serve.wlm.WorkerThread - W-9000-car_price_prediction_1.0 State change null -> WORKER_STARTED
2024-11-25T19:41:51,167 [INFO ] W-9000-car_price_prediction_1.0 org.pytorch.serve.wlm.WorkerThread - Connecting to: /127.0.0.1:9000
2024-11-25T19:41:51,167 [INFO ] W-9000-car_price_prediction_1.0 org.pytorch.serve.wlm.WorkerThread - Connecting to: /127.0.0.1:9000
2024-11-25T19:41:51,168 [DEBUG] W-9001-car_price_prediction_1.0 org.pytorch.serve.wlm.WorkerThread - Flushing req.cmd LOAD repeats 1 to backend at: 1732543911168
2024-11-25T19:41:51,168 [DEBUG] W-9001-car_price_prediction_1.0 org.pytorch.serve.wlm.WorkerThread - Flushing req.cmd LOAD repeats 1 to backend at: 1732543911168
2024-11-25T19:41:51,168 [INFO ] W-9001-car_price_prediction_1.0 org.pytorch.serve.wlm.WorkerThread - Looping backend response at: 1732543911168
2024-11-25T19:41:51,168 [INFO ] W-9001-car_price_prediction_1.0 org.pytorch.serve.wlm.WorkerThread - Looping backend response at: 1732543911168
2024-11-25T19:41:51,172 [DEBUG] W-9000-car_price_prediction_1.0 org.pytorch.serve.wlm.WorkerThread - Flushing req.cmd LOAD repeats 1 to backend at: 1732543911172
2024-11-25T19:41:51,172 [DEBUG] W-9000-car_price_prediction_1.0 org.pytorch.serve.wlm.WorkerThread - Flushing req.cmd LOAD repeats 1 to backend at: 1732543911172
2024-11-25T19:41:51,172 [INFO ] W-9000-car_price_prediction_1.0-stdout MODEL_LOG - Connection accepted: ('127.0.0.1', 9000).
2024-11-25T19:41:51,172 [INFO ] W-9000-car_price_prediction_1.0 org.pytorch.serve.wlm.WorkerThread - Looping backend response at: 1732543911172
2024-11-25T19:41:51,172 [INFO ] W-9000-car_price_prediction_1.0 org.pytorch.serve.wlm.WorkerThread - Looping backend response at: 1732543911172
2024-11-25T19:41:51,176 [INFO ] W-9005-car_price_prediction_1.0-stdout MODEL_LOG - model_name: car_price_prediction, batchSize: 1
2024-11-25T19:41:51,180 [INFO ] W-9005-car_price_prediction_1.0-stdout MODEL_LOG - OpenVINO is not enabled
2024-11-25T19:41:51,180 [INFO ] W-9005-car_price_prediction_1.0-stdout MODEL_LOG - proceeding without onnxruntime
2024-11-25T19:41:51,180 [INFO ] W-9005-car_price_prediction_1.0-stdout MODEL_LOG - Torch TensorRT not enabled
2024-11-25T19:41:51,181 [INFO ] W-9003-car_price_prediction_1.0-stdout MODEL_LOG - Listening on addr:port: 127.0.0.1:9003
2024-11-25T19:41:51,182 [INFO ] W-9006-car_price_prediction_1.0-stdout MODEL_LOG - model_name: car_price_prediction, batchSize: 1
2024-11-25T19:41:51,184 [INFO ] W-9006-car_price_prediction_1.0-stdout MODEL_LOG - OpenVINO is not enabled
2024-11-25T19:41:51,185 [INFO ] W-9006-car_price_prediction_1.0-stdout MODEL_LOG - proceeding without onnxruntime
2024-11-25T19:41:51,185 [INFO ] W-9006-car_price_prediction_1.0-stdout MODEL_LOG - Torch TensorRT not enabled
2024-11-25T19:41:51,187 [INFO ] W-9001-car_price_prediction_1.0-stdout MODEL_LOG - model_name: car_price_prediction, batchSize: 1
2024-11-25T19:41:51,190 [INFO ] W-9003-car_price_prediction_1.0-stdout MODEL_LOG - Successfully loaded /Users/harshithalle/miniconda3/envs/cs224n/lib/python3.12/site-packages/ts/configs/metrics.yaml.
2024-11-25T19:41:51,190 [INFO ] W-9003-car_price_prediction_1.0-stdout MODEL_LOG - [PID]89707
2024-11-25T19:41:51,190 [INFO ] W-9003-car_price_prediction_1.0-stdout MODEL_LOG - Torch worker started.
2024-11-25T19:41:51,190 [INFO ] W-9003-car_price_prediction_1.0-stdout MODEL_LOG - Python runtime: 3.12.5
2024-11-25T19:41:51,190 [DEBUG] W-9003-car_price_prediction_1.0 org.pytorch.serve.wlm.WorkerThread - W-9003-car_price_prediction_1.0 State change null -> WORKER_STARTED
2024-11-25T19:41:51,190 [DEBUG] W-9003-car_price_prediction_1.0 org.pytorch.serve.wlm.WorkerThread - W-9003-car_price_prediction_1.0 State change null -> WORKER_STARTED
2024-11-25T19:41:51,191 [INFO ] W-9003-car_price_prediction_1.0 org.pytorch.serve.wlm.WorkerThread - Connecting to: /127.0.0.1:9003
2024-11-25T19:41:51,191 [INFO ] W-9003-car_price_prediction_1.0 org.pytorch.serve.wlm.WorkerThread - Connecting to: /127.0.0.1:9003
2024-11-25T19:41:51,192 [INFO ] W-9001-car_price_prediction_1.0-stdout MODEL_LOG - OpenVINO is not enabled
2024-11-25T19:41:51,192 [INFO ] W-9001-car_price_prediction_1.0-stdout MODEL_LOG - proceeding without onnxruntime
2024-11-25T19:41:51,192 [INFO ] W-9001-car_price_prediction_1.0-stdout MODEL_LOG - Torch TensorRT not enabled
2024-11-25T19:41:51,195 [INFO ] W-9003-car_price_prediction_1.0-stdout MODEL_LOG - Connection accepted: ('127.0.0.1', 9003).
2024-11-25T19:41:51,195 [INFO ] W-9000-car_price_prediction_1.0-stdout MODEL_LOG - model_name: car_price_prediction, batchSize: 1
2024-11-25T19:41:51,195 [DEBUG] W-9003-car_price_prediction_1.0 org.pytorch.serve.wlm.WorkerThread - Flushing req.cmd LOAD repeats 1 to backend at: 1732543911195
2024-11-25T19:41:51,195 [DEBUG] W-9003-car_price_prediction_1.0 org.pytorch.serve.wlm.WorkerThread - Flushing req.cmd LOAD repeats 1 to backend at: 1732543911195
2024-11-25T19:41:51,196 [INFO ] W-9003-car_price_prediction_1.0 org.pytorch.serve.wlm.WorkerThread - Looping backend response at: 1732543911195
2024-11-25T19:41:51,196 [INFO ] W-9003-car_price_prediction_1.0 org.pytorch.serve.wlm.WorkerThread - Looping backend response at: 1732543911195
2024-11-25T19:41:51,203 [INFO ] W-9000-car_price_prediction_1.0-stdout MODEL_LOG - OpenVINO is not enabled
2024-11-25T19:41:51,203 [INFO ] W-9000-car_price_prediction_1.0-stdout MODEL_LOG - proceeding without onnxruntime
2024-11-25T19:41:51,204 [INFO ] W-9000-car_price_prediction_1.0-stdout MODEL_LOG - Torch TensorRT not enabled
2024-11-25T19:41:51,204 [INFO ] W-9003-car_price_prediction_1.0-stdout MODEL_LOG - model_name: car_price_prediction, batchSize: 1
2024-11-25T19:41:51,209 [INFO ] W-9003-car_price_prediction_1.0-stdout MODEL_LOG - OpenVINO is not enabled
2024-11-25T19:41:51,210 [INFO ] W-9003-car_price_prediction_1.0-stdout MODEL_LOG - proceeding without onnxruntime
2024-11-25T19:41:51,210 [INFO ] W-9003-car_price_prediction_1.0-stdout MODEL_LOG - Torch TensorRT not enabled
2024-11-25T19:41:54,505 [WARN ] W-9006-car_price_prediction_1.0-stderr MODEL_LOG - /Users/harshithalle/miniconda3/envs/cs224n/lib/python3.12/site-packages/xgboost/core.py:158: UserWarning: [19:41:54] WARNING: /Users/runner/work/xgboost/xgboost/src/gbm/../common/error_msg.h:80: If you are loading a serialized model (like pickle in Python, RDS in R) or
2024-11-25T19:41:54,505 [WARN ] W-9000-car_price_prediction_1.0-stderr MODEL_LOG - /Users/harshithalle/miniconda3/envs/cs224n/lib/python3.12/site-packages/xgboost/core.py:158: UserWarning: [19:41:54] WARNING: /Users/runner/work/xgboost/xgboost/src/gbm/../common/error_msg.h:80: If you are loading a serialized model (like pickle in Python, RDS in R) or
2024-11-25T19:41:54,505 [WARN ] W-9004-car_price_prediction_1.0-stderr MODEL_LOG - /Users/harshithalle/miniconda3/envs/cs224n/lib/python3.12/site-packages/xgboost/core.py:158: UserWarning: [19:41:54] WARNING: /Users/runner/work/xgboost/xgboost/src/gbm/../common/error_msg.h:80: If you are loading a serialized model (like pickle in Python, RDS in R) or
2024-11-25T19:41:54,505 [WARN ] W-9000-car_price_prediction_1.0-stderr MODEL_LOG - configuration generated by an older version of XGBoost, please export the model by calling
2024-11-25T19:41:54,505 [WARN ] W-9004-car_price_prediction_1.0-stderr MODEL_LOG - configuration generated by an older version of XGBoost, please export the model by calling
2024-11-25T19:41:54,505 [WARN ] W-9000-car_price_prediction_1.0-stderr MODEL_LOG - `Booster.save_model` from that version first, then load it back in current version. See:
2024-11-25T19:41:54,505 [WARN ] W-9000-car_price_prediction_1.0-stderr MODEL_LOG - 
2024-11-25T19:41:54,505 [WARN ] W-9000-car_price_prediction_1.0-stderr MODEL_LOG -     https://xgboost.readthedocs.io/en/stable/tutorials/saving_model.html
2024-11-25T19:41:54,505 [WARN ] W-9000-car_price_prediction_1.0-stderr MODEL_LOG - 
2024-11-25T19:41:54,505 [WARN ] W-9000-car_price_prediction_1.0-stderr MODEL_LOG - for more details about differences between saving model and serializing.
2024-11-25T19:41:54,505 [WARN ] W-9006-car_price_prediction_1.0-stderr MODEL_LOG - configuration generated by an older version of XGBoost, please export the model by calling
2024-11-25T19:41:54,507 [WARN ] W-9007-car_price_prediction_1.0-stderr MODEL_LOG - /Users/harshithalle/miniconda3/envs/cs224n/lib/python3.12/site-packages/xgboost/core.py:158: UserWarning: [19:41:54] WARNING: /Users/runner/work/xgboost/xgboost/src/gbm/../common/error_msg.h:80: If you are loading a serialized model (like pickle in Python, RDS in R) or
2024-11-25T19:41:54,505 [WARN ] W-9005-car_price_prediction_1.0-stderr MODEL_LOG - /Users/harshithalle/miniconda3/envs/cs224n/lib/python3.12/site-packages/xgboost/core.py:158: UserWarning: [19:41:54] WARNING: /Users/runner/work/xgboost/xgboost/src/gbm/../common/error_msg.h:80: If you are loading a serialized model (like pickle in Python, RDS in R) or
2024-11-25T19:41:54,507 [WARN ] W-9007-car_price_prediction_1.0-stderr MODEL_LOG - configuration generated by an older version of XGBoost, please export the model by calling
2024-11-25T19:41:54,507 [WARN ] W-9007-car_price_prediction_1.0-stderr MODEL_LOG - `Booster.save_model` from that version first, then load it back in current version. See:
2024-11-25T19:41:54,507 [WARN ] W-9007-car_price_prediction_1.0-stderr MODEL_LOG - 
2024-11-25T19:41:54,507 [WARN ] W-9006-car_price_prediction_1.0-stderr MODEL_LOG - `Booster.save_model` from that version first, then load it back in current version. See:
2024-11-25T19:41:54,505 [WARN ] W-9000-car_price_prediction_1.0-stderr MODEL_LOG - 
2024-11-25T19:41:54,508 [WARN ] W-9000-car_price_prediction_1.0-stderr MODEL_LOG -   warnings.warn(smsg, UserWarning)
2024-11-25T19:41:54,505 [WARN ] W-9004-car_price_prediction_1.0-stderr MODEL_LOG - `Booster.save_model` from that version first, then load it back in current version. See:
2024-11-25T19:41:54,506 [WARN ] W-9003-car_price_prediction_1.0-stderr MODEL_LOG - /Users/harshithalle/miniconda3/envs/cs224n/lib/python3.12/site-packages/xgboost/core.py:158: UserWarning: [19:41:54] WARNING: /Users/runner/work/xgboost/xgboost/src/gbm/../common/error_msg.h:80: If you are loading a serialized model (like pickle in Python, RDS in R) or
2024-11-25T19:41:54,508 [WARN ] W-9004-car_price_prediction_1.0-stderr MODEL_LOG - 
2024-11-25T19:41:54,508 [WARN ] W-9006-car_price_prediction_1.0-stderr MODEL_LOG - 
2024-11-25T19:41:54,508 [WARN ] W-9004-car_price_prediction_1.0-stderr MODEL_LOG -     https://xgboost.readthedocs.io/en/stable/tutorials/saving_model.html
2024-11-25T19:41:54,508 [WARN ] W-9006-car_price_prediction_1.0-stderr MODEL_LOG -     https://xgboost.readthedocs.io/en/stable/tutorials/saving_model.html
2024-11-25T19:41:54,509 [WARN ] W-9006-car_price_prediction_1.0-stderr MODEL_LOG - 
2024-11-25T19:41:54,506 [WARN ] W-9002-car_price_prediction_1.0-stderr MODEL_LOG - /Users/harshithalle/miniconda3/envs/cs224n/lib/python3.12/site-packages/xgboost/core.py:158: UserWarning: [19:41:54] WARNING: /Users/runner/work/xgboost/xgboost/src/gbm/../common/error_msg.h:80: If you are loading a serialized model (like pickle in Python, RDS in R) or
2024-11-25T19:41:54,509 [WARN ] W-9006-car_price_prediction_1.0-stderr MODEL_LOG - for more details about differences between saving model and serializing.
2024-11-25T19:41:54,509 [WARN ] W-9006-car_price_prediction_1.0-stderr MODEL_LOG - 
2024-11-25T19:41:54,509 [WARN ] W-9006-car_price_prediction_1.0-stderr MODEL_LOG -   warnings.warn(smsg, UserWarning)
2024-11-25T19:41:54,508 [WARN ] W-9003-car_price_prediction_1.0-stderr MODEL_LOG - configuration generated by an older version of XGBoost, please export the model by calling
2024-11-25T19:41:54,509 [WARN ] W-9002-car_price_prediction_1.0-stderr MODEL_LOG - configuration generated by an older version of XGBoost, please export the model by calling
2024-11-25T19:41:54,509 [WARN ] W-9002-car_price_prediction_1.0-stderr MODEL_LOG - `Booster.save_model` from that version first, then load it back in current version. See:
2024-11-25T19:41:54,509 [WARN ] W-9002-car_price_prediction_1.0-stderr MODEL_LOG - 
2024-11-25T19:41:54,505 [WARN ] W-9001-car_price_prediction_1.0-stderr MODEL_LOG - /Users/harshithalle/miniconda3/envs/cs224n/lib/python3.12/site-packages/xgboost/core.py:158: UserWarning: [19:41:54] WARNING: /Users/runner/work/xgboost/xgboost/src/gbm/../common/error_msg.h:80: If you are loading a serialized model (like pickle in Python, RDS in R) or
2024-11-25T19:41:54,508 [WARN ] W-9004-car_price_prediction_1.0-stderr MODEL_LOG - 
2024-11-25T19:41:54,509 [WARN ] W-9002-car_price_prediction_1.0-stderr MODEL_LOG -     https://xgboost.readthedocs.io/en/stable/tutorials/saving_model.html
2024-11-25T19:41:54,509 [WARN ] W-9003-car_price_prediction_1.0-stderr MODEL_LOG - `Booster.save_model` from that version first, then load it back in current version. See:
2024-11-25T19:41:54,509 [WARN ] W-9002-car_price_prediction_1.0-stderr MODEL_LOG - 
2024-11-25T19:41:54,507 [WARN ] W-9007-car_price_prediction_1.0-stderr MODEL_LOG -     https://xgboost.readthedocs.io/en/stable/tutorials/saving_model.html
2024-11-25T19:41:54,509 [WARN ] W-9002-car_price_prediction_1.0-stderr MODEL_LOG - for more details about differences between saving model and serializing.
2024-11-25T19:41:54,510 [WARN ] W-9002-car_price_prediction_1.0-stderr MODEL_LOG - 
2024-11-25T19:41:54,510 [WARN ] W-9007-car_price_prediction_1.0-stderr MODEL_LOG - 
2024-11-25T19:41:54,510 [WARN ] W-9002-car_price_prediction_1.0-stderr MODEL_LOG -   warnings.warn(smsg, UserWarning)
2024-11-25T19:41:54,507 [WARN ] W-9005-car_price_prediction_1.0-stderr MODEL_LOG - configuration generated by an older version of XGBoost, please export the model by calling
2024-11-25T19:41:54,510 [WARN ] W-9005-car_price_prediction_1.0-stderr MODEL_LOG - `Booster.save_model` from that version first, then load it back in current version. See:
2024-11-25T19:41:54,510 [WARN ] W-9007-car_price_prediction_1.0-stderr MODEL_LOG - for more details about differences between saving model and serializing.
2024-11-25T19:41:54,510 [WARN ] W-9005-car_price_prediction_1.0-stderr MODEL_LOG - 
2024-11-25T19:41:54,510 [WARN ] W-9007-car_price_prediction_1.0-stderr MODEL_LOG - 
2024-11-25T19:41:54,510 [WARN ] W-9005-car_price_prediction_1.0-stderr MODEL_LOG -     https://xgboost.readthedocs.io/en/stable/tutorials/saving_model.html
2024-11-25T19:41:54,509 [WARN ] W-9004-car_price_prediction_1.0-stderr MODEL_LOG - for more details about differences between saving model and serializing.
2024-11-25T19:41:54,510 [WARN ] W-9007-car_price_prediction_1.0-stderr MODEL_LOG -   warnings.warn(smsg, UserWarning)
2024-11-25T19:41:54,510 [WARN ] W-9004-car_price_prediction_1.0-stderr MODEL_LOG - 
2024-11-25T19:41:54,510 [WARN ] W-9005-car_price_prediction_1.0-stderr MODEL_LOG - 
2024-11-25T19:41:54,509 [WARN ] W-9001-car_price_prediction_1.0-stderr MODEL_LOG - configuration generated by an older version of XGBoost, please export the model by calling
2024-11-25T19:41:54,510 [WARN ] W-9004-car_price_prediction_1.0-stderr MODEL_LOG -   warnings.warn(smsg, UserWarning)
2024-11-25T19:41:54,509 [WARN ] W-9003-car_price_prediction_1.0-stderr MODEL_LOG - 
2024-11-25T19:41:54,510 [WARN ] W-9005-car_price_prediction_1.0-stderr MODEL_LOG - for more details about differences between saving model and serializing.
2024-11-25T19:41:54,510 [WARN ] W-9001-car_price_prediction_1.0-stderr MODEL_LOG - `Booster.save_model` from that version first, then load it back in current version. See:
2024-11-25T19:41:54,511 [WARN ] W-9005-car_price_prediction_1.0-stderr MODEL_LOG - 
2024-11-25T19:41:54,511 [WARN ] W-9003-car_price_prediction_1.0-stderr MODEL_LOG -     https://xgboost.readthedocs.io/en/stable/tutorials/saving_model.html
2024-11-25T19:41:54,511 [WARN ] W-9001-car_price_prediction_1.0-stderr MODEL_LOG - 
2024-11-25T19:41:54,511 [WARN ] W-9005-car_price_prediction_1.0-stderr MODEL_LOG -   warnings.warn(smsg, UserWarning)
2024-11-25T19:41:54,511 [WARN ] W-9003-car_price_prediction_1.0-stderr MODEL_LOG - 
2024-11-25T19:41:54,511 [WARN ] W-9001-car_price_prediction_1.0-stderr MODEL_LOG -     https://xgboost.readthedocs.io/en/stable/tutorials/saving_model.html
2024-11-25T19:41:54,511 [WARN ] W-9003-car_price_prediction_1.0-stderr MODEL_LOG - for more details about differences between saving model and serializing.
2024-11-25T19:41:54,511 [WARN ] W-9001-car_price_prediction_1.0-stderr MODEL_LOG - 
2024-11-25T19:41:54,511 [WARN ] W-9003-car_price_prediction_1.0-stderr MODEL_LOG - 
2024-11-25T19:41:54,511 [WARN ] W-9001-car_price_prediction_1.0-stderr MODEL_LOG - for more details about differences between saving model and serializing.
2024-11-25T19:41:54,511 [WARN ] W-9003-car_price_prediction_1.0-stderr MODEL_LOG -   warnings.warn(smsg, UserWarning)
2024-11-25T19:41:54,511 [WARN ] W-9001-car_price_prediction_1.0-stderr MODEL_LOG - 
2024-11-25T19:41:54,511 [WARN ] W-9001-car_price_prediction_1.0-stderr MODEL_LOG -   warnings.warn(smsg, UserWarning)
2024-11-25T19:41:54,514 [INFO ] W-9001-car_price_prediction_1.0 org.pytorch.serve.wlm.WorkerThread - Backend response time: 3346
2024-11-25T19:41:54,514 [INFO ] W-9005-car_price_prediction_1.0 org.pytorch.serve.wlm.WorkerThread - Backend response time: 3349
2024-11-25T19:41:54,514 [INFO ] W-9002-car_price_prediction_1.0 org.pytorch.serve.wlm.WorkerThread - Backend response time: 3363
2024-11-25T19:41:54,514 [INFO ] W-9001-car_price_prediction_1.0 org.pytorch.serve.wlm.WorkerThread - Backend response time: 3346
2024-11-25T19:41:54,514 [INFO ] W-9004-car_price_prediction_1.0 org.pytorch.serve.wlm.WorkerThread - Backend response time: 3388
2024-11-25T19:41:54,514 [INFO ] W-9005-car_price_prediction_1.0 org.pytorch.serve.wlm.WorkerThread - Backend response time: 3349
2024-11-25T19:41:54,514 [INFO ] W-9000-car_price_prediction_1.0 org.pytorch.serve.wlm.WorkerThread - Backend response time: 3341
2024-11-25T19:41:54,514 [INFO ] W-9004-car_price_prediction_1.0 org.pytorch.serve.wlm.WorkerThread - Backend response time: 3388
2024-11-25T19:41:54,514 [INFO ] W-9002-car_price_prediction_1.0 org.pytorch.serve.wlm.WorkerThread - Backend response time: 3363
2024-11-25T19:41:54,514 [DEBUG] W-9004-car_price_prediction_1.0 org.pytorch.serve.wlm.WorkerThread - W-9004-car_price_prediction_1.0 State change WORKER_STARTED -> WORKER_MODEL_LOADED
2024-11-25T19:41:54,514 [INFO ] W-9006-car_price_prediction_1.0 org.pytorch.serve.wlm.WorkerThread - Backend response time: 3350
2024-11-25T19:41:54,514 [INFO ] W-9007-car_price_prediction_1.0 org.pytorch.serve.wlm.WorkerThread - Backend response time: 3373
2024-11-25T19:41:54,514 [DEBUG] W-9001-car_price_prediction_1.0 org.pytorch.serve.wlm.WorkerThread - W-9001-car_price_prediction_1.0 State change WORKER_STARTED -> WORKER_MODEL_LOADED
2024-11-25T19:41:54,514 [INFO ] W-9007-car_price_prediction_1.0 org.pytorch.serve.wlm.WorkerThread - Backend response time: 3373
2024-11-25T19:41:54,514 [DEBUG] W-9001-car_price_prediction_1.0 org.pytorch.serve.wlm.WorkerThread - W-9001-car_price_prediction_1.0 State change WORKER_STARTED -> WORKER_MODEL_LOADED
2024-11-25T19:41:54,514 [INFO ] W-9000-car_price_prediction_1.0 org.pytorch.serve.wlm.WorkerThread - Backend response time: 3341
2024-11-25T19:41:54,514 [DEBUG] W-9007-car_price_prediction_1.0 org.pytorch.serve.wlm.WorkerThread - W-9007-car_price_prediction_1.0 State change WORKER_STARTED -> WORKER_MODEL_LOADED
2024-11-25T19:41:54,514 [INFO ] W-9003-car_price_prediction_1.0 org.pytorch.serve.wlm.WorkerThread - Backend response time: 3318
2024-11-25T19:41:54,514 [DEBUG] W-9002-car_price_prediction_1.0 org.pytorch.serve.wlm.WorkerThread - W-9002-car_price_prediction_1.0 State change WORKER_STARTED -> WORKER_MODEL_LOADED
2024-11-25T19:41:54,514 [INFO ] W-9003-car_price_prediction_1.0 org.pytorch.serve.wlm.WorkerThread - Backend response time: 3318
2024-11-25T19:41:54,514 [DEBUG] W-9000-car_price_prediction_1.0 org.pytorch.serve.wlm.WorkerThread - W-9000-car_price_prediction_1.0 State change WORKER_STARTED -> WORKER_MODEL_LOADED
2024-11-25T19:41:54,514 [DEBUG] W-9002-car_price_prediction_1.0 org.pytorch.serve.wlm.WorkerThread - W-9002-car_price_prediction_1.0 State change WORKER_STARTED -> WORKER_MODEL_LOADED
2024-11-25T19:41:54,514 [DEBUG] W-9004-car_price_prediction_1.0 org.pytorch.serve.wlm.WorkerThread - W-9004-car_price_prediction_1.0 State change WORKER_STARTED -> WORKER_MODEL_LOADED
2024-11-25T19:41:54,514 [INFO ] W-9001-car_price_prediction_1.0 TS_METRICS - WorkerLoadTime.Milliseconds:7263.0|#WorkerName:W-9001-car_price_prediction_1.0,Level:Host|#hostname:Harshiths-MacBook-Air.local,timestamp:1732543914
2024-11-25T19:41:54,514 [INFO ] W-9006-car_price_prediction_1.0 org.pytorch.serve.wlm.WorkerThread - Backend response time: 3350
2024-11-25T19:41:54,514 [DEBUG] W-9005-car_price_prediction_1.0 org.pytorch.serve.wlm.WorkerThread - W-9005-car_price_prediction_1.0 State change WORKER_STARTED -> WORKER_MODEL_LOADED
2024-11-25T19:41:54,514 [DEBUG] W-9007-car_price_prediction_1.0 org.pytorch.serve.wlm.WorkerThread - W-9007-car_price_prediction_1.0 State change WORKER_STARTED -> WORKER_MODEL_LOADED
2024-11-25T19:41:54,514 [DEBUG] W-9000-car_price_prediction_1.0 org.pytorch.serve.wlm.WorkerThread - W-9000-car_price_prediction_1.0 State change WORKER_STARTED -> WORKER_MODEL_LOADED
2024-11-25T19:41:54,514 [DEBUG] W-9003-car_price_prediction_1.0 org.pytorch.serve.wlm.WorkerThread - W-9003-car_price_prediction_1.0 State change WORKER_STARTED -> WORKER_MODEL_LOADED
2024-11-25T19:41:54,515 [INFO ] W-9001-car_price_prediction_1.0 TS_METRICS - WorkerThreadTime.Milliseconds:1.0|#Level:Host|#hostname:Harshiths-MacBook-Air.local,timestamp:1732543914
2024-11-25T19:41:54,515 [INFO ] W-9004-car_price_prediction_1.0 TS_METRICS - WorkerLoadTime.Milliseconds:7264.0|#WorkerName:W-9004-car_price_prediction_1.0,Level:Host|#hostname:Harshiths-MacBook-Air.local,timestamp:1732543914
2024-11-25T19:41:54,514 [DEBUG] W-9005-car_price_prediction_1.0 org.pytorch.serve.wlm.WorkerThread - W-9005-car_price_prediction_1.0 State change WORKER_STARTED -> WORKER_MODEL_LOADED
2024-11-25T19:41:54,515 [INFO ] W-9002-car_price_prediction_1.0 TS_METRICS - WorkerLoadTime.Milliseconds:7263.0|#WorkerName:W-9002-car_price_prediction_1.0,Level:Host|#hostname:Harshiths-MacBook-Air.local,timestamp:1732543914
2024-11-25T19:41:54,514 [DEBUG] W-9003-car_price_prediction_1.0 org.pytorch.serve.wlm.WorkerThread - W-9003-car_price_prediction_1.0 State change WORKER_STARTED -> WORKER_MODEL_LOADED
2024-11-25T19:41:54,515 [INFO ] W-9004-car_price_prediction_1.0 TS_METRICS - WorkerThreadTime.Milliseconds:3.0|#Level:Host|#hostname:Harshiths-MacBook-Air.local,timestamp:1732543914
2024-11-25T19:41:54,515 [INFO ] W-9007-car_price_prediction_1.0 TS_METRICS - WorkerLoadTime.Milliseconds:7263.0|#WorkerName:W-9007-car_price_prediction_1.0,Level:Host|#hostname:Harshiths-MacBook-Air.local,timestamp:1732543914
2024-11-25T19:41:54,515 [DEBUG] W-9006-car_price_prediction_1.0 org.pytorch.serve.wlm.WorkerThread - W-9006-car_price_prediction_1.0 State change WORKER_STARTED -> WORKER_MODEL_LOADED
2024-11-25T19:41:54,515 [INFO ] W-9002-car_price_prediction_1.0 TS_METRICS - WorkerThreadTime.Milliseconds:5.0|#Level:Host|#hostname:Harshiths-MacBook-Air.local,timestamp:1732543914
2024-11-25T19:41:54,515 [INFO ] W-9005-car_price_prediction_1.0 TS_METRICS - WorkerLoadTime.Milliseconds:7264.0|#WorkerName:W-9005-car_price_prediction_1.0,Level:Host|#hostname:Harshiths-MacBook-Air.local,timestamp:1732543914
2024-11-25T19:41:54,515 [INFO ] W-9003-car_price_prediction_1.0 TS_METRICS - WorkerLoadTime.Milliseconds:7264.0|#WorkerName:W-9003-car_price_prediction_1.0,Level:Host|#hostname:Harshiths-MacBook-Air.local,timestamp:1732543914
2024-11-25T19:41:54,515 [DEBUG] W-9006-car_price_prediction_1.0 org.pytorch.serve.wlm.WorkerThread - W-9006-car_price_prediction_1.0 State change WORKER_STARTED -> WORKER_MODEL_LOADED
2024-11-25T19:41:54,515 [INFO ] W-9005-car_price_prediction_1.0 TS_METRICS - WorkerThreadTime.Milliseconds:2.0|#Level:Host|#hostname:Harshiths-MacBook-Air.local,timestamp:1732543914
2024-11-25T19:41:54,515 [INFO ] W-9000-car_price_prediction_1.0 TS_METRICS - WorkerLoadTime.Milliseconds:7265.0|#WorkerName:W-9000-car_price_prediction_1.0,Level:Host|#hostname:Harshiths-MacBook-Air.local,timestamp:1732543914
2024-11-25T19:41:54,515 [INFO ] W-9003-car_price_prediction_1.0 TS_METRICS - WorkerThreadTime.Milliseconds:2.0|#Level:Host|#hostname:Harshiths-MacBook-Air.local,timestamp:1732543914
2024-11-25T19:41:54,515 [INFO ] W-9007-car_price_prediction_1.0 TS_METRICS - WorkerThreadTime.Milliseconds:3.0|#Level:Host|#hostname:Harshiths-MacBook-Air.local,timestamp:1732543914
2024-11-25T19:41:54,515 [INFO ] W-9000-car_price_prediction_1.0 TS_METRICS - WorkerThreadTime.Milliseconds:2.0|#Level:Host|#hostname:Harshiths-MacBook-Air.local,timestamp:1732543914
2024-11-25T19:41:54,515 [INFO ] W-9006-car_price_prediction_1.0 TS_METRICS - WorkerLoadTime.Milliseconds:7263.0|#WorkerName:W-9006-car_price_prediction_1.0,Level:Host|#hostname:Harshiths-MacBook-Air.local,timestamp:1732543914
2024-11-25T19:41:54,515 [INFO ] W-9006-car_price_prediction_1.0 TS_METRICS - WorkerThreadTime.Milliseconds:1.0|#Level:Host|#hostname:Harshiths-MacBook-Air.local,timestamp:1732543914
2024-11-25T19:42:16,375 [INFO ] nioEventLoopGroup-3-1 TS_METRICS - ts_inference_requests_total.Count:1.0|#model_name:car_price_prediction,model_version:default|#hostname:Harshiths-MacBook-Air.local,timestamp:1732543936
2024-11-25T19:42:16,377 [DEBUG] W-9004-car_price_prediction_1.0 org.pytorch.serve.wlm.WorkerThread - Flushing req.cmd PREDICT repeats 1 to backend at: 1732543936377
2024-11-25T19:42:16,377 [DEBUG] W-9004-car_price_prediction_1.0 org.pytorch.serve.wlm.WorkerThread - Flushing req.cmd PREDICT repeats 1 to backend at: 1732543936377
2024-11-25T19:42:16,377 [INFO ] W-9004-car_price_prediction_1.0 org.pytorch.serve.wlm.WorkerThread - Looping backend response at: 1732543936377
2024-11-25T19:42:16,377 [INFO ] W-9004-car_price_prediction_1.0 org.pytorch.serve.wlm.WorkerThread - Looping backend response at: 1732543936377
2024-11-25T19:42:16,377 [INFO ] W-9004-car_price_prediction_1.0-stdout MODEL_LOG - Model directory: /var/folders/dl/9h5ckf99333bjr1dm0m0ngsw0000gn/T/models/63e4b7b79ac84cfc8729370a83c5a68a
2024-11-25T19:42:16,378 [INFO ] W-9004-car_price_prediction_1.0-stdout MODEL_LOG - Scaler path: /var/folders/dl/9h5ckf99333bjr1dm0m0ngsw0000gn/T/models/63e4b7b79ac84cfc8729370a83c5a68a/scaler.joblib
2024-11-25T19:42:16,378 [INFO ] W-9004-car_price_prediction_1.0-stdout MODEL_LOG - OHE path: /var/folders/dl/9h5ckf99333bjr1dm0m0ngsw0000gn/T/models/63e4b7b79ac84cfc8729370a83c5a68a/ohe.joblib
2024-11-25T19:42:16,378 [INFO ] W-9004-car_price_prediction_1.0-stdout MODEL_LOG - Model path: /var/folders/dl/9h5ckf99333bjr1dm0m0ngsw0000gn/T/models/63e4b7b79ac84cfc8729370a83c5a68a/XGBoost.joblib
2024-11-25T19:42:16,378 [INFO ] W-9004-car_price_prediction_1.0-stdout MODEL_LOG - Initialization complete.
2024-11-25T19:42:16,378 [INFO ] W-9004-car_price_prediction_1.0-stdout MODEL_LOG - Backend received inference at: 1732543936
2024-11-25T19:42:16,415 [INFO ] W-9004-car_price_prediction_1.0-stdout MODEL_LOG - Preprocessed row: ['gas', 'std', 'four', 'sedan', 'fwd', 'front', 88.6, 168.8, 64.1, 48.8, 2548, 'ohc', 'four', 130, 'mpfi', 3.47, 2.68, 9.0, 111, 5000, 21, 27]
2024-11-25T19:42:16,416 [INFO ] W-9004-car_price_prediction_1.0-stdout MODEL_LOG - DataFrame before processing: 
2024-11-25T19:42:16,416 [INFO ] W-9004-car_price_prediction_1.0-stdout MODEL_LOG -   fueltype aspiration doornumber  ... peakrpm citympg highwaympg
2024-11-25T19:42:16,416 [INFO ] W-9004-car_price_prediction_1.0-stdout MODEL_LOG - 0      gas        std       four  ...    5000      21         27
2024-11-25T19:42:16,416 [INFO ] W-9004-car_price_prediction_1.0-stdout MODEL_LOG - 
2024-11-25T19:42:16,416 [INFO ] W-9004-car_price_prediction_1.0-stdout MODEL_LOG - [1 rows x 22 columns]
2024-11-25T19:42:16,416 [INFO ] W-9004-car_price_prediction_1.0-stdout MODEL_LOG - Scaled numeric columns: 
2024-11-25T19:42:16,416 [INFO ] W-9004-car_price_prediction_1.0 org.pytorch.serve.wlm.BatchAggregator - Sending response for jobId 19dc809d-67cc-4258-80c3-3fbd05917cd9
2024-11-25T19:42:16,416 [INFO ] W-9004-car_price_prediction_1.0-stdout MODEL_LOG -    wheelbase  carlength  carwidth  ...   peakrpm   citympg  highwaympg
2024-11-25T19:42:16,416 [INFO ] W-9004-car_price_prediction_1.0-stdout MODEL_LOG - 0  -1.706755  -0.473579   -0.8687  ... -0.318332 -0.647706   -0.534866
2024-11-25T19:42:16,416 [INFO ] W-9004-car_price_prediction_1.0 org.pytorch.serve.wlm.BatchAggregator - Sending response for jobId 19dc809d-67cc-4258-80c3-3fbd05917cd9
2024-11-25T19:42:16,416 [INFO ] W-9004-car_price_prediction_1.0-stdout MODEL_LOG - 
2024-11-25T19:42:16,416 [INFO ] W-9004-car_price_prediction_1.0-stdout MODEL_LOG - [1 rows x 13 columns]
2024-11-25T19:42:16,416 [INFO ] W-9004-car_price_prediction_1.0-stdout MODEL_LOG - One-hot encoded columns: 
2024-11-25T19:42:16,416 [INFO ] W-9004-car_price_prediction_1.0-stdout MODEL_LOG -    fueltype_diesel  fueltype_gas  ...  fuelsystem_spdi  fuelsystem_spfi
2024-11-25T19:42:16,416 [INFO ] W-9004-car_price_prediction_1.0-stdout MODEL_LOG - 0              0.0           1.0  ...              0.0              0.0
2024-11-25T19:42:16,416 [INFO ] W-9004-car_price_prediction_1.0-stdout MODEL_LOG - 
2024-11-25T19:42:16,416 [INFO ] W-9004-car_price_prediction_1.0-stdout MODEL_LOG - [1 rows x 38 columns]
2024-11-25T19:42:16,416 [INFO ] W-9004-car_price_prediction_1.0-stdout MODEL_LOG - DataFrame after processing: 
2024-11-25T19:42:16,416 [INFO ] W-9004-car_price_prediction_1.0-stdout MODEL_LOG -    wheelbase  carlength  ...  fuelsystem_spdi  fuelsystem_spfi
2024-11-25T19:42:16,416 [INFO ] W-9004-car_price_prediction_1.0-stdout MODEL_LOG - 0  -1.706755  -0.473579  ...              0.0              0.0
2024-11-25T19:42:16,416 [INFO ] W-9004-car_price_prediction_1.0-stdout MODEL_LOG - 
2024-11-25T19:42:16,416 [INFO ] W-9004-car_price_prediction_1.0-stdout MODEL_LOG - [1 rows x 51 columns]
2024-11-25T19:42:16,417 [INFO ] W-9004-car_price_prediction_1.0-stdout MODEL_LOG - Predicted price: 13765.80078125
2024-11-25T19:42:16,417 [INFO ] W-9004-car_price_prediction_1.0-stdout MODEL_LOG - Postprocessed output: [{'predicted_price': 13765.80078125}]
2024-11-25T19:42:16,417 [INFO ] W-9004-car_price_prediction_1.0-stdout org.pytorch.serve.wlm.WorkerLifeCycle - result=[METRICS]HandlerTime.Milliseconds:37.83|#ModelName:car_price_prediction,Level:Model|#type:GAUGE|#hostname:Harshiths-MacBook-Air.local,1732543936,19dc809d-67cc-4258-80c3-3fbd05917cd9, pattern=[METRICS]
2024-11-25T19:42:16,417 [INFO ] W-9004-car_price_prediction_1.0-stdout org.pytorch.serve.wlm.WorkerLifeCycle - result=[METRICS]HandlerTime.Milliseconds:37.83|#ModelName:car_price_prediction,Level:Model|#type:GAUGE|#hostname:Harshiths-MacBook-Air.local,1732543936,19dc809d-67cc-4258-80c3-3fbd05917cd9, pattern=[METRICS]
2024-11-25T19:42:16,417 [INFO ] W-9004-car_price_prediction_1.0 ACCESS_LOG - /127.0.0.1:54432 "POST /predictions/car_price_prediction HTTP/1.1" 200 43
2024-11-25T19:42:16,417 [INFO ] W-9004-car_price_prediction_1.0-stdout MODEL_METRICS - HandlerTime.ms:37.83|#ModelName:car_price_prediction,Level:Model|#hostname:Harshiths-MacBook-Air.local,requestID:19dc809d-67cc-4258-80c3-3fbd05917cd9,timestamp:1732543936
2024-11-25T19:42:16,417 [INFO ] W-9004-car_price_prediction_1.0-stdout org.pytorch.serve.wlm.WorkerLifeCycle - result=[METRICS]PredictionTime.Milliseconds:37.9|#ModelName:car_price_prediction,Level:Model|#type:GAUGE|#hostname:Harshiths-MacBook-Air.local,1732543936,19dc809d-67cc-4258-80c3-3fbd05917cd9, pattern=[METRICS]
2024-11-25T19:42:16,417 [INFO ] W-9004-car_price_prediction_1.0 TS_METRICS - Requests2XX.Count:1.0|#Level:Host|#hostname:Harshiths-MacBook-Air.local,timestamp:1732543936
2024-11-25T19:42:16,417 [INFO ] W-9004-car_price_prediction_1.0-stdout org.pytorch.serve.wlm.WorkerLifeCycle - result=[METRICS]PredictionTime.Milliseconds:37.9|#ModelName:car_price_prediction,Level:Model|#type:GAUGE|#hostname:Harshiths-MacBook-Air.local,1732543936,19dc809d-67cc-4258-80c3-3fbd05917cd9, pattern=[METRICS]
2024-11-25T19:42:16,418 [INFO ] W-9004-car_price_prediction_1.0-stdout MODEL_METRICS - PredictionTime.ms:37.9|#ModelName:car_price_prediction,Level:Model|#hostname:Harshiths-MacBook-Air.local,requestID:19dc809d-67cc-4258-80c3-3fbd05917cd9,timestamp:1732543936
2024-11-25T19:42:16,418 [INFO ] W-9004-car_price_prediction_1.0 TS_METRICS - ts_inference_latency_microseconds.Microseconds:39707.458|#model_name:car_price_prediction,model_version:default|#hostname:Harshiths-MacBook-Air.local,timestamp:1732543936
2024-11-25T19:42:16,418 [INFO ] W-9004-car_price_prediction_1.0 TS_METRICS - ts_queue_latency_microseconds.Microseconds:71.375|#model_name:car_price_prediction,model_version:default|#hostname:Harshiths-MacBook-Air.local,timestamp:1732543936
2024-11-25T19:42:16,418 [DEBUG] W-9004-car_price_prediction_1.0 org.pytorch.serve.job.RestJob - Waiting time ns: 71375, Backend time ns: 41286708
2024-11-25T19:42:16,418 [DEBUG] W-9004-car_price_prediction_1.0 org.pytorch.serve.job.RestJob - Waiting time ns: 71375, Backend time ns: 41286708
2024-11-25T19:42:16,418 [INFO ] W-9004-car_price_prediction_1.0 TS_METRICS - QueueTime.Milliseconds:0.0|#Level:Host|#hostname:Harshiths-MacBook-Air.local,timestamp:1732543936
2024-11-25T19:42:16,418 [INFO ] W-9004-car_price_prediction_1.0 org.pytorch.serve.wlm.WorkerThread - Backend response time: 39
2024-11-25T19:42:16,418 [INFO ] W-9004-car_price_prediction_1.0 org.pytorch.serve.wlm.WorkerThread - Backend response time: 39
2024-11-25T19:42:16,418 [INFO ] W-9004-car_price_prediction_1.0 TS_METRICS - WorkerThreadTime.Milliseconds:2.0|#Level:Host|#hostname:Harshiths-MacBook-Air.local,timestamp:1732543936
