2024-11-25T19:41:47,534 - CPUUtilization.Percent:0.0|#Level:Host|#hostname:Harshiths-MacBook-Air.local,timestamp:1732543907
2024-11-25T19:41:47,535 - DiskAvailable.Gigabytes:18.57410430908203|#Level:Host|#hostname:Harshiths-MacBook-Air.local,timestamp:1732543907
2024-11-25T19:41:47,535 - DiskUsage.Gigabytes:209.69976043701172|#Level:Host|#hostname:Harshiths-MacBook-Air.local,timestamp:1732543907
2024-11-25T19:41:47,535 - DiskUtilization.Percent:91.9|#Level:Host|#hostname:Harshiths-MacBook-Air.local,timestamp:1732543907
2024-11-25T19:41:47,535 - MemoryAvailable.Megabytes:2669.53125|#Level:Host|#hostname:Harshiths-MacBook-Air.local,timestamp:1732543907
2024-11-25T19:41:47,535 - MemoryUsed.Megabytes:3979.40625|#Level:Host|#hostname:Harshiths-MacBook-Air.local,timestamp:1732543907
2024-11-25T19:41:47,536 - MemoryUtilization.Percent:67.4|#Level:Host|#hostname:Harshiths-MacBook-Air.local,timestamp:1732543907
2024-11-25T19:41:54,514 - WorkerLoadTime.Milliseconds:7263.0|#WorkerName:W-9001-car_price_prediction_1.0,Level:Host|#hostname:Harshiths-MacBook-Air.local,timestamp:1732543914
2024-11-25T19:41:54,515 - WorkerThreadTime.Milliseconds:1.0|#Level:Host|#hostname:Harshiths-MacBook-Air.local,timestamp:1732543914
2024-11-25T19:41:54,515 - WorkerLoadTime.Milliseconds:7263.0|#WorkerName:W-9002-car_price_prediction_1.0,Level:Host|#hostname:Harshiths-MacBook-Air.local,timestamp:1732543914
2024-11-25T19:41:54,515 - WorkerLoadTime.Milliseconds:7264.0|#WorkerName:W-9004-car_price_prediction_1.0,Level:Host|#hostname:Harshiths-MacBook-Air.local,timestamp:1732543914
2024-11-25T19:41:54,515 - WorkerThreadTime.Milliseconds:3.0|#Level:Host|#hostname:Harshiths-MacBook-Air.local,timestamp:1732543914
2024-11-25T19:41:54,515 - WorkerLoadTime.Milliseconds:7265.0|#WorkerName:W-9000-car_price_prediction_1.0,Level:Host|#hostname:Harshiths-MacBook-Air.local,timestamp:1732543914
2024-11-25T19:41:54,515 - WorkerLoadTime.Milliseconds:7263.0|#WorkerName:W-9007-car_price_prediction_1.0,Level:Host|#hostname:Harshiths-MacBook-Air.local,timestamp:1732543914
2024-11-25T19:41:54,515 - WorkerThreadTime.Milliseconds:5.0|#Level:Host|#hostname:Harshiths-MacBook-Air.local,timestamp:1732543914
2024-11-25T19:41:54,515 - WorkerLoadTime.Milliseconds:7264.0|#WorkerName:W-9005-car_price_prediction_1.0,Level:Host|#hostname:Harshiths-MacBook-Air.local,timestamp:1732543914
2024-11-25T19:41:54,515 - WorkerLoadTime.Milliseconds:7264.0|#WorkerName:W-9003-car_price_prediction_1.0,Level:Host|#hostname:Harshiths-MacBook-Air.local,timestamp:1732543914
2024-11-25T19:41:54,515 - WorkerThreadTime.Milliseconds:3.0|#Level:Host|#hostname:Harshiths-MacBook-Air.local,timestamp:1732543914
2024-11-25T19:41:54,515 - WorkerThreadTime.Milliseconds:2.0|#Level:Host|#hostname:Harshiths-MacBook-Air.local,timestamp:1732543914
2024-11-25T19:41:54,515 - WorkerThreadTime.Milliseconds:2.0|#Level:Host|#hostname:Harshiths-MacBook-Air.local,timestamp:1732543914
2024-11-25T19:41:54,515 - WorkerThreadTime.Milliseconds:2.0|#Level:Host|#hostname:Harshiths-MacBook-Air.local,timestamp:1732543914
2024-11-25T19:41:54,515 - WorkerLoadTime.Milliseconds:7263.0|#WorkerName:W-9006-car_price_prediction_1.0,Level:Host|#hostname:Harshiths-MacBook-Air.local,timestamp:1732543914
2024-11-25T19:41:54,515 - WorkerThreadTime.Milliseconds:1.0|#Level:Host|#hostname:Harshiths-MacBook-Air.local,timestamp:1732543914
2024-11-25T19:42:16,375 - ts_inference_requests_total.Count:1.0|#model_name:car_price_prediction,model_version:default|#hostname:Harshiths-MacBook-Air.local,timestamp:1732543936
2024-11-25T19:42:16,417 - Requests2XX.Count:1.0|#Level:Host|#hostname:Harshiths-MacBook-Air.local,timestamp:1732543936
2024-11-25T19:42:16,418 - ts_inference_latency_microseconds.Microseconds:39707.458|#model_name:car_price_prediction,model_version:default|#hostname:Harshiths-MacBook-Air.local,timestamp:1732543936
2024-11-25T19:42:16,418 - ts_queue_latency_microseconds.Microseconds:71.375|#model_name:car_price_prediction,model_version:default|#hostname:Harshiths-MacBook-Air.local,timestamp:1732543936
2024-11-25T19:42:16,418 - QueueTime.Milliseconds:0.0|#Level:Host|#hostname:Harshiths-MacBook-Air.local,timestamp:1732543936
2024-11-25T19:42:16,418 - WorkerThreadTime.Milliseconds:2.0|#Level:Host|#hostname:Harshiths-MacBook-Air.local,timestamp:1732543936
